<?xml version="1.0" encoding="UTF-8"?>
<!-- Generated by org.testng.reporters.JUnitXMLReporter -->
<testsuite hostname="DESKTOP-4PBLL9U" ignored="0" name="Test" tests="11" failures="0" timestamp="2020-04-18T12:18:26 EET" time="52.642" errors="0">
  <testcase name="logoTest" time="0.095" classname="alphaPackage.MultiLogoTest"/>
  <testcase name="logoTest" time="0.042" classname="alphaPackage.MultiLogoTest"/>
  <testcase name="logoTest" time="0.036" classname="alphaPackage.MultiLogoTest"/>
  <testcase name="logoTest" time="0.035" classname="alphaPackage.MultiLogoTest"/>
  <testcase name="logoTest" time="0.038" classname="alphaPackage.MultiLogoTest"/>
  <testcase name="logoTest" time="0.042" classname="alphaPackage.MultiLogoTest"/>
  <testcase name="logoTest" time="0.04" classname="alphaPackage.MultiLogoTest"/>
  <testcase name="logoTest" time="0.038" classname="alphaPackage.MultiLogoTest"/>
  <testcase name="goToHomePage" time="6.506" classname="alphaPackage.CourseraLoginTest"/>
  <testcase name="goToHomePage" time="4.47" classname="alphaPackage.CourseraLoginTest"/>
  <testcase name="validateTitle" time="0.042" classname="alphaPackage.TitleValidationTest"/>
</testsuite> <!-- Test -->
