<?xml version="1.0" encoding="UTF-8"?>
<!-- Generated by org.testng.reporters.JUnitXMLReporter -->
<testsuite hostname="DESKTOP-4PBLL9U" ignored="0" name="FooterLinksTest" tests="5" failures="0" timestamp="2020-04-20T16:36:18 EET" time="72.838" errors="0">
  <testcase name="footerLinkTest" time="3.293" classname="alphaPackage.FooterLinksTest"/>
  <testcase name="footerLinkTest" time="4.163" classname="alphaPackage.FooterLinksTest"/>
  <testcase name="footerLinkTest" time="4.379" classname="alphaPackage.FooterLinksTest"/>
  <testcase name="footerLinkTest" time="39.11" classname="alphaPackage.FooterLinksTest"/>
  <testcase name="footerLinkTest" time="4.209" classname="alphaPackage.FooterLinksTest"/>
</testsuite> <!-- FooterLinksTest -->
