<?xml version="1.0" encoding="UTF-8"?>
<!-- Generated by org.testng.reporters.JUnitXMLReporter -->
<testsuite hostname="DESKTOP-4PBLL9U" ignored="0" name="FooterLinksTest" tests="5" failures="0" timestamp="2020-04-19T12:22:55 EET" time="38.23" errors="0">
  <testcase name="footerLinkTest" time="4.307" classname="alphaPackage.FooterLinksTest"/>
  <testcase name="footerLinkTest" time="4.199" classname="alphaPackage.FooterLinksTest"/>
  <testcase name="footerLinkTest" time="4.481" classname="alphaPackage.FooterLinksTest"/>
  <testcase name="footerLinkTest" time="5.85" classname="alphaPackage.FooterLinksTest"/>
  <testcase name="footerLinkTest" time="4.222" classname="alphaPackage.FooterLinksTest"/>
</testsuite> <!-- FooterLinksTest -->
