<?xml version="1.0" encoding="UTF-8"?>
<!-- Generated by org.testng.reporters.JUnitXMLReporter -->
<testsuite hostname="DESKTOP-4PBLL9U" ignored="0" name="LogosTest" tests="8" failures="0" timestamp="2020-04-19T12:21:55 EET" time="25.022" errors="0">
  <testcase name="logoTest" time="0.072" classname="alphaPackage.MultiLogoTest"/>
  <testcase name="logoTest" time="0.046" classname="alphaPackage.MultiLogoTest"/>
  <testcase name="logoTest" time="0.038" classname="alphaPackage.MultiLogoTest"/>
  <testcase name="logoTest" time="0.036" classname="alphaPackage.MultiLogoTest"/>
  <testcase name="logoTest" time="0.044" classname="alphaPackage.MultiLogoTest"/>
  <testcase name="logoTest" time="0.042" classname="alphaPackage.MultiLogoTest"/>
  <testcase name="logoTest" time="0.059" classname="alphaPackage.MultiLogoTest"/>
  <testcase name="logoTest" time="0.04" classname="alphaPackage.MultiLogoTest"/>
</testsuite> <!-- LogosTest -->
