<?xml version="1.0" encoding="UTF-8"?>
<!-- Generated by org.testng.reporters.JUnitXMLReporter -->
<testsuite hostname="DESKTOP-4PBLL9U" ignored="0" name="LogosTest" tests="8" failures="0" timestamp="2020-04-20T16:18:12 EET" time="14.348" errors="0">
  <testcase name="logoTest" time="0.072" classname="alphaPackage.MultiLogoTest"/>
  <testcase name="logoTest" time="0.044" classname="alphaPackage.MultiLogoTest"/>
  <testcase name="logoTest" time="0.031" classname="alphaPackage.MultiLogoTest"/>
  <testcase name="logoTest" time="0.035" classname="alphaPackage.MultiLogoTest"/>
  <testcase name="logoTest" time="0.034" classname="alphaPackage.MultiLogoTest"/>
  <testcase name="logoTest" time="0.036" classname="alphaPackage.MultiLogoTest"/>
  <testcase name="logoTest" time="0.032" classname="alphaPackage.MultiLogoTest"/>
  <testcase name="logoTest" time="0.041" classname="alphaPackage.MultiLogoTest"/>
</testsuite> <!-- LogosTest -->
