<?xml version="1.0" encoding="UTF-8"?>
<testng-results skipped="0" failed="0" ignored="0" total="5" passed="5">
  <reporter-output>
  </reporter-output>
  <suite name="Suite" duration-ms="72838" started-at="2020-04-20T16:35:05 EET" finished-at="2020-04-20T16:36:18 EET">
    <groups>
    </groups>
    <test name="FooterLinksTest" duration-ms="72838" started-at="2020-04-20T16:35:05 EET" finished-at="2020-04-20T16:36:18 EET">
      <class name="alphaPackage.FooterLinksTest">
        <test-method status="PASS" signature="init()[pri:0, instance:alphaPackage.FooterLinksTest@3f49dace]" name="init" is-config="true" duration-ms="16523" started-at="2020-04-20T16:35:05 EET" finished-at="2020-04-20T16:35:22 EET">
          <reporter-output>
          </reporter-output>
        </test-method> <!-- init -->
        <test-method status="PASS" signature="footerLinkTest(java.lang.String)[pri:0, instance:alphaPackage.FooterLinksTest@3f49dace]" name="footerLinkTest" duration-ms="3293" started-at="2020-04-20T16:35:22 EET" data-provider="getData" finished-at="2020-04-20T16:35:25 EET">
          <params>
            <param index="0">
              <value>
                <![CDATA[facebook]]>
              </value>
            </param>
          </params>
          <reporter-output>
          </reporter-output>
        </test-method> <!-- footerLinkTest -->
        <test-method status="PASS" signature="footerLinkTest(java.lang.String)[pri:0, instance:alphaPackage.FooterLinksTest@3f49dace]" name="footerLinkTest" duration-ms="4163" started-at="2020-04-20T16:35:25 EET" data-provider="getData" finished-at="2020-04-20T16:35:29 EET">
          <params>
            <param index="0">
              <value>
                <![CDATA[linkedin]]>
              </value>
            </param>
          </params>
          <reporter-output>
          </reporter-output>
        </test-method> <!-- footerLinkTest -->
        <test-method status="PASS" signature="footerLinkTest(java.lang.String)[pri:0, instance:alphaPackage.FooterLinksTest@3f49dace]" name="footerLinkTest" duration-ms="4379" started-at="2020-04-20T16:35:29 EET" data-provider="getData" finished-at="2020-04-20T16:35:34 EET">
          <params>
            <param index="0">
              <value>
                <![CDATA[twitter]]>
              </value>
            </param>
          </params>
          <reporter-output>
          </reporter-output>
        </test-method> <!-- footerLinkTest -->
        <test-method status="PASS" signature="footerLinkTest(java.lang.String)[pri:0, instance:alphaPackage.FooterLinksTest@3f49dace]" name="footerLinkTest" duration-ms="39110" started-at="2020-04-20T16:35:34 EET" data-provider="getData" finished-at="2020-04-20T16:36:13 EET">
          <params>
            <param index="0">
              <value>
                <![CDATA[youtube]]>
              </value>
            </param>
          </params>
          <reporter-output>
          </reporter-output>
        </test-method> <!-- footerLinkTest -->
        <test-method status="PASS" signature="footerLinkTest(java.lang.String)[pri:0, instance:alphaPackage.FooterLinksTest@3f49dace]" name="footerLinkTest" duration-ms="4209" started-at="2020-04-20T16:36:13 EET" data-provider="getData" finished-at="2020-04-20T16:36:17 EET">
          <params>
            <param index="0">
              <value>
                <![CDATA[instagram]]>
              </value>
            </param>
          </params>
          <reporter-output>
          </reporter-output>
        </test-method> <!-- footerLinkTest -->
        <test-method status="PASS" signature="end()[pri:0, instance:alphaPackage.FooterLinksTest@3f49dace]" name="end" is-config="true" duration-ms="1123" started-at="2020-04-20T16:36:17 EET" finished-at="2020-04-20T16:36:18 EET">
          <reporter-output>
          </reporter-output>
        </test-method> <!-- end -->
      </class> <!-- alphaPackage.FooterLinksTest -->
    </test> <!-- FooterLinksTest -->
  </suite> <!-- Suite -->
</testng-results>
