<?xml version="1.0" encoding="UTF-8"?>
<testsuite xmlns:xsi="http://www.w3.org/2001/XMLSchema-instance" xsi:noNamespaceSchemaLocation="https://maven.apache.org/surefire/maven-surefire-plugin/xsd/surefire-test-report-3.0.xsd" version="3.0" name="TestSuite" time="107.691" tests="16" errors="0" skipped="0" failures="1">
  <properties>
[...]
</properties>
  <testcase name="logoTest" classname="alphaPackage.MultiLogoTest" time="0.074"/>
  <testcase name="logoTest" classname="alphaPackage.MultiLogoTest" time="0.044"/>
  <testcase name="logoTest" classname="alphaPackage.MultiLogoTest" time="0.038"/>
  <testcase name="logoTest" classname="alphaPackage.MultiLogoTest" time="0.036"/>
  <testcase name="logoTest" classname="alphaPackage.MultiLogoTest" time="0.044"/>
  <testcase name="logoTest" classname="alphaPackage.MultiLogoTest" time="0.042"/>
  <testcase name="logoTest" classname="alphaPackage.MultiLogoTest" time="0.059"/>
  <testcase name="logoTest" classname="alphaPackage.MultiLogoTest" time="0.041"/>
  <testcase name="goToHomePage" classname="alphaPackage.CourseraLoginTest" time="7.132"/>
  <testcase name="goToHomePage" classname="alphaPackage.CourseraLoginTest" time="5.114"/>
  <testcase name="footerLinkTest" classname="alphaPackage.FooterLinksTest" time="4.308"/>
  <testcase name="footerLinkTest" classname="alphaPackage.FooterLinksTest" time="4.2"/>
  <testcase name="footerLinkTest" classname="alphaPackage.FooterLinksTest" time="4.482"/>
  <testcase name="footerLinkTest" classname="alphaPackage.FooterLinksTest" time="5.85"/>
  <testcase name="footerLinkTest" classname="alphaPackage.FooterLinksTest" time="4.222"/>
  <testcase name="validateTitle" classname="alphaPackage.TitleValidationTest" time="0.795">
    <failure message="did not expect to find [true] but found [false]" type="java.lang.AssertionError"><![CDATA[java.lang.AssertionError: did not expect to find [true] but found [false]
	at alphaPackage.TitleValidationTest.validateTitle(TitleValidationTest.java:31)
]]></failure>
    <system-err><![CDATA[Starting ChromeDriver 80.0.3987.106 (f68069574609230cf9b635cd784cfb1bf81bb53a-refs/branch-heads/3987@{#882}) on port 3568
Only local connections are allowed.
Please protect ports used by ChromeDriver and related test frameworks to prevent access by malicious code.
[1587291779.031][WARNING]: Timed out connecting to Chrome, retrying...
Apr 19, 2020 12:23:01 PM org.openqa.selenium.remote.ProtocolHandshake createSession
INFO: Detected dialect: W3C
[1587291782.994][SEVERE]: Timed out receiving message from renderer: 0.100
[1587291783.095][SEVERE]: Timed out receiving message from renderer: 0.100
[1587291783.204][SEVERE]: Timed out receiving message from renderer: 0.100
[1587291783.308][SEVERE]: Timed out receiving message from renderer: 0.100
[1587291783.411][SEVERE]: Timed out receiving message from renderer: 0.100
[1587291783.512][SEVERE]: Timed out receiving message from renderer: 0.100
[1587291783.614][SEVERE]: Timed out receiving message from renderer: 0.100
[1587291783.810][SEVERE]: Timed out receiving message from renderer: 0.100
[1587291784.231][SEVERE]: Timed out receiving message from renderer: 0.100
[1587291784.372][SEVERE]: Timed out receiving message from renderer: 0.100
[1587291784.476][SEVERE]: Timed out receiving message from renderer: 0.100
[1587291785.528][SEVERE]: Timed out receiving message from renderer: 0.100
[1587291785.641][SEVERE]: Timed out receiving message from renderer: 0.100
[1587291786.468][SEVERE]: Timed out receiving message from renderer: 0.100
[1587291786.570][SEVERE]: Timed out receiving message from renderer: 0.100
[1587291786.674][SEVERE]: Timed out receiving message from renderer: 0.100
[1587291786.826][SEVERE]: Timed out receiving message from renderer: 0.100
[1587291787.080][SEVERE]: Timed out receiving message from renderer: 0.100
[1587291788.989][SEVERE]: Timed out receiving message from renderer: 0.100
[1587291789.090][SEVERE]: Timed out receiving message from renderer: 0.100
[1587291789.191][SEVERE]: Timed out receiving message from renderer: 0.100
[1587291789.300][SEVERE]: Timed out receiving message from renderer: 0.100
[1587291789.403][SEVERE]: Timed out receiving message from renderer: 0.100
[1587291789.506][SEVERE]: Timed out receiving message from renderer: 0.100
[1587291789.607][SEVERE]: Timed out receiving message from renderer: 0.100
[1587291789.710][SEVERE]: Timed out receiving message from renderer: 0.100
[1587291789.846][SEVERE]: Timed out receiving message from renderer: 0.100
[1587291789.947][SEVERE]: Timed out receiving message from renderer: 0.100
[1587291790.062][SEVERE]: Timed out receiving message from renderer: 0.100
[1587291790.163][SEVERE]: Timed out receiving message from renderer: 0.100
[1587291790.264][SEVERE]: Timed out receiving message from renderer: 0.100
[1587291790.373][SEVERE]: Timed out receiving message from renderer: 0.100
[1587291790.474][SEVERE]: Timed out receiving message from renderer: 0.100
[1587291790.576][SEVERE]: Timed out receiving message from renderer: 0.100
[1587291790.677][SEVERE]: Timed out receiving message from renderer: 0.100
[1587291790.778][SEVERE]: Timed out receiving message from renderer: 0.100
[1587291790.894][SEVERE]: Timed out receiving message from renderer: 0.100
[1587291791.008][SEVERE]: Timed out receiving message from renderer: 0.100
[1587291791.110][SEVERE]: Timed out receiving message from renderer: 0.100
[1587291791.213][SEVERE]: Timed out receiving message from renderer: 0.100
[1587291791.314][SEVERE]: Timed out receiving message from renderer: 0.100
[1587291791.415][SEVERE]: Timed out receiving message from renderer: 0.100
]]></system-err>
  </testcase>
</testsuite>