-------------------------------------------------------------------------------
Test set: TestSuite
-------------------------------------------------------------------------------
Tests run: 16, Failures: 1, Errors: 0, Skipped: 0, Time elapsed: 107.691 s <<< FAILURE! - in TestSuite
alphaPackage.TitleValidationTest.validateTitle  Time elapsed: 0.795 s  <<< FAILURE!
java.lang.AssertionError: did not expect to find [true] but found [false]
	at alphaPackage.TitleValidationTest.validateTitle(TitleValidationTest.java:31)

