<?xml version="1.0" encoding="UTF-8"?>
<testng-results skipped="0" failed="0" ignored="0" total="2" passed="2">
  <reporter-output>
  </reporter-output>
  <suite name="Default suite" duration-ms="35037" started-at="2020-04-24T19:47:23 EET" finished-at="2020-04-24T19:47:58 EET">
    <groups>
    </groups>
    <test name="Default test" duration-ms="35037" started-at="2020-04-24T19:47:23 EET" finished-at="2020-04-24T19:47:58 EET">
      <class name="alphaPackage.CourseraCourseTest">
        <test-method status="PASS" signature="init()[pri:0, instance:alphaPackage.CourseraCourseTest@63e2203c]" name="init" is-config="true" duration-ms="6148" started-at="2020-04-24T19:47:23 EET" finished-at="2020-04-24T19:47:29 EET">
          <reporter-output>
          </reporter-output>
        </test-method> <!-- init -->
        <test-method status="PASS" signature="getPythonCourse(java.lang.String)[pri:0, instance:alphaPackage.CourseraCourseTest@63e2203c]" name="getPythonCourse" duration-ms="16479" started-at="2020-04-24T19:47:29 EET" data-provider="getData" finished-at="2020-04-24T19:47:46 EET">
          <params>
            <param index="0">
              <value>
                <![CDATA[Python 3 Programming]]>
              </value>
            </param>
          </params>
          <reporter-output>
          </reporter-output>
        </test-method> <!-- getPythonCourse -->
        <test-method status="PASS" signature="getPythonCourse(java.lang.String)[pri:0, instance:alphaPackage.CourseraCourseTest@63e2203c]" name="getPythonCourse" duration-ms="11640" started-at="2020-04-24T19:47:46 EET" data-provider="getData" finished-at="2020-04-24T19:47:58 EET">
          <params>
            <param index="0">
              <value>
                <![CDATA[Python for Data Science and AI]]>
              </value>
            </param>
          </params>
          <reporter-output>
          </reporter-output>
        </test-method> <!-- getPythonCourse -->
        <test-method status="PASS" signature="end()[pri:0, instance:alphaPackage.CourseraCourseTest@63e2203c]" name="end" is-config="true" duration-ms="730" started-at="2020-04-24T19:47:58 EET" finished-at="2020-04-24T19:47:58 EET">
          <reporter-output>
          </reporter-output>
        </test-method> <!-- end -->
      </class> <!-- alphaPackage.CourseraCourseTest -->
    </test> <!-- Default test -->
  </suite> <!-- Default suite -->
</testng-results>
